0 info it worked if it ends with ok
1 verbose cli [ 'D:\\Gulp\\node.exe',
1 verbose cli   'D:\\Gulp\\node_modules\\npm\\bin\\npm-cli.js',
1 verbose cli   'run',
1 verbose cli   'dev' ]
2 info using npm@3.10.10
3 info using node@v6.10.2
4 verbose run-script [ 'predev', 'dev', 'postdev' ]
5 info lifecycle test01@1.0.0~predev: test01@1.0.0
6 silly lifecycle test01@1.0.0~predev: no script for predev, continuing
7 info lifecycle test01@1.0.0~dev: test01@1.0.0
8 verbose lifecycle test01@1.0.0~dev: unsafe-perm in lifecycle true
9 verbose lifecycle test01@1.0.0~dev: PATH: D:\Gulp\node_modules\npm\bin\node-gyp-bin;E:\huahaicang\node_modules\.bin;C:\ProgramData\Oracle\Java\javapath;C:\Ruby21\bin;C:\Windows\system32;C:\Windows;C:\Windows\System32\Wbem;C:\Windows\System32\WindowsPowerShell\v1.0\;D:\Gulp\;D:\svn\bin;D:\Git\Git\cmd;D:\mysql\bin;C:\Users\Administrator.PC\AppData\Roaming\npm
10 verbose lifecycle test01@1.0.0~dev: CWD: E:\huahaicang
11 silly lifecycle test01@1.0.0~dev: Args: [ '/d /s /c',
11 silly lifecycle   'cross-env NODE_ENV=development webpack-dev-server --open --hot' ]
12 silly lifecycle test01@1.0.0~dev: Returned: code: 1  signal: null
13 info lifecycle test01@1.0.0~dev: Failed to exec dev script
14 verbose stack Error: test01@1.0.0 dev: `cross-env NODE_ENV=development webpack-dev-server --open --hot`
14 verbose stack Exit status 1
14 verbose stack     at EventEmitter.<anonymous> (D:\Gulp\node_modules\npm\lib\utils\lifecycle.js:255:16)
14 verbose stack     at emitTwo (events.js:106:13)
14 verbose stack     at EventEmitter.emit (events.js:191:7)
14 verbose stack     at ChildProcess.<anonymous> (D:\Gulp\node_modules\npm\lib\utils\spawn.js:40:14)
14 verbose stack     at emitTwo (events.js:106:13)
14 verbose stack     at ChildProcess.emit (events.js:191:7)
14 verbose stack     at maybeClose (internal/child_process.js:886:16)
14 verbose stack     at Process.ChildProcess._handle.onexit (internal/child_process.js:226:5)
15 verbose pkgid test01@1.0.0
16 verbose cwd E:\huahaicang
17 error Windows_NT 6.1.7601
18 error argv "D:\\Gulp\\node.exe" "D:\\Gulp\\node_modules\\npm\\bin\\npm-cli.js" "run" "dev"
19 error node v6.10.2
20 error npm  v3.10.10
21 error code ELIFECYCLE
22 error test01@1.0.0 dev: `cross-env NODE_ENV=development webpack-dev-server --open --hot`
22 error Exit status 1
23 error Failed at the test01@1.0.0 dev script 'cross-env NODE_ENV=development webpack-dev-server --open --hot'.
23 error Make sure you have the latest version of node.js and npm installed.
23 error If you do, this is most likely a problem with the test01 package,
23 error not with npm itself.
23 error Tell the author that this fails on your system:
23 error     cross-env NODE_ENV=development webpack-dev-server --open --hot
23 error You can get information on how to open an issue for this project with:
23 error     npm bugs test01
23 error Or if that isn't available, you can get their info via:
23 error     npm owner ls test01
23 error There is likely additional logging output above.
24 verbose exit [ 1, true ]
