0 info it worked if it ends with ok
1 verbose cli [ 'D:\\Program Files\\nodejs\\node.exe',
1 verbose cli   'D:\\Program Files\\nodejs\\node_modules\\npm\\bin\\npm-cli.js',
1 verbose cli   'start' ]
2 info using npm@3.10.10
3 info using node@v6.10.2
4 verbose run-script [ 'prestart', 'start', 'poststart' ]
5 info lifecycle ele@0.0.0~prestart: ele@0.0.0
6 silly lifecycle ele@0.0.0~prestart: no script for prestart, continuing
7 info lifecycle ele@0.0.0~start: ele@0.0.0
8 verbose lifecycle ele@0.0.0~start: unsafe-perm in lifecycle true
9 verbose lifecycle ele@0.0.0~start: PATH: D:\Program Files\nodejs\node_modules\npm\bin\node-gyp-bin;G:\qd-html5\三阶段\项目周\app\huahaicang\api\node_modules\.bin;C:\ProgramData\Oracle\Java\javapath;C:\Program Files (x86)\Intel\iCLS Client\;C:\Program Files\Intel\iCLS Client\;C:\WINDOWS\system32;C:\WINDOWS;C:\WINDOWS\System32\Wbem;C:\WINDOWS\System32\WindowsPowerShell\v1.0\;C:\Program Files\Intel\Intel(R) Management Engine Components\DAL;C:\Program Files\Intel\Intel(R) Management Engine Components\IPT;C:\Program Files (x86)\Intel\Intel(R) Management Engine Components\DAL;C:\Program Files (x86)\Intel\Intel(R) Management Engine Components\IPT;C:\Program Files\Lenovo\Bluetooth Software\;C:\Program Files\Lenovo\Bluetooth Software\syswow64;D:\Program Files\nodejs\;C:\Program Files\VisualSVN Server\bin;D:\Program Files\TortoiseSVN\bin;D:\Program Files\Git\cmd;D:\Program Files\TortoiseGit\bin;C:\WINDOWS\system32;C:\WINDOWS;C:\WINDOWS\System32\Wbem;C:\WINDOWS\System32\WindowsPowerShell\v1.0\;C:\Program Files (x86)\NVIDIA Corporation\PhysX\Common;C:\Ruby21\bin;C:\Users\文峰\AppData\Local\Microsoft\WindowsApps;D:\wamp\bin\mysql\mysql5.6.17\bin;D:\Program Files\Bandizip\;C:\Users\文峰\AppData\Roaming\npm;
10 verbose lifecycle ele@0.0.0~start: CWD: G:\qd-html5\三阶段\项目周\app\huahaicang\api
11 silly lifecycle ele@0.0.0~start: Args: [ '/d /s /c', 'node-dev ./bin/www' ]
12 silly lifecycle ele@0.0.0~start: Returned: code: 1  signal: null
13 info lifecycle ele@0.0.0~start: Failed to exec start script
14 verbose stack Error: ele@0.0.0 start: `node-dev ./bin/www`
14 verbose stack Exit status 1
14 verbose stack     at EventEmitter.<anonymous> (D:\Program Files\nodejs\node_modules\npm\lib\utils\lifecycle.js:255:16)
14 verbose stack     at emitTwo (events.js:106:13)
14 verbose stack     at EventEmitter.emit (events.js:191:7)
14 verbose stack     at ChildProcess.<anonymous> (D:\Program Files\nodejs\node_modules\npm\lib\utils\spawn.js:40:14)
14 verbose stack     at emitTwo (events.js:106:13)
14 verbose stack     at ChildProcess.emit (events.js:191:7)
14 verbose stack     at maybeClose (internal/child_process.js:886:16)
14 verbose stack     at Process.ChildProcess._handle.onexit (internal/child_process.js:226:5)
15 verbose pkgid ele@0.0.0
16 verbose cwd G:\qd-html5\三阶段\项目周\app\huahaicang\api
17 error Windows_NT 10.0.15063
18 error argv "D:\\Program Files\\nodejs\\node.exe" "D:\\Program Files\\nodejs\\node_modules\\npm\\bin\\npm-cli.js" "start"
19 error node v6.10.2
20 error npm  v3.10.10
21 error code ELIFECYCLE
22 error ele@0.0.0 start: `node-dev ./bin/www`
22 error Exit status 1
23 error Failed at the ele@0.0.0 start script 'node-dev ./bin/www'.
23 error Make sure you have the latest version of node.js and npm installed.
23 error If you do, this is most likely a problem with the ele package,
23 error not with npm itself.
23 error Tell the author that this fails on your system:
23 error     node-dev ./bin/www
23 error You can get information on how to open an issue for this project with:
23 error     npm bugs ele
23 error Or if that isn't available, you can get their info via:
23 error     npm owner ls ele
23 error There is likely additional logging output above.
24 verbose exit [ 1, true ]
